<?xml version="1.0" encoding="UTF-8"?>
<testsuite xmlns:xsi="http://www.w3.org/2001/XMLSchema-instance" xsi:noNamespaceSchemaLocation="https://maven.apache.org/surefire/maven-surefire-plugin/xsd/surefire-test-report-3.0.xsd" version="3.0" name="lab4_2blazedemo.BlazeDemoTest" time="11.819" tests="1" errors="0" skipped="0" failures="0">
  <properties>
[...]
</properties>
  <testcase name="bookFlightTest(FirefoxDriver)" classname="lab4_2blazedemo.BlazeDemoTest" time="11.806">
    <system-err><![CDATA[SLF4J: No SLF4J providers were found.
SLF4J: Defaulting to no-operation (NOP) logger implementation
SLF4J: See https://www.slf4j.org/codes.html#noProviders for further details.
1710353017052	geckodriver	INFO	Listening on 127.0.0.1:16085
1710353017238	mozrunner::runner	INFO	Running command: MOZ_CRASHREPORTER="1" MOZ_CRASHREPORTER_NO_REPORT="1" MOZ_CRASHREPORTER_SHUTDOWN="1" MOZ_NO_REMOTE="1" "/usr ... s" "http://127.0.0.1:29061/,http://localhost:29061/,http://[::1]:29061/" "-no-remote" "-profile" "/tmp/rust_mozprofilerowPum"
console.warn: services.settings: Ignoring preference override of remote settings server
console.warn: services.settings: Allow by setting MOZ_REMOTE_SETTINGS_DEVTOOLS=1 in the environment
1710353017842	Marionette	INFO	Marionette enabled
1710353017981	Marionette	INFO	Listening on port 40457
WebDriver BiDi listening on ws://127.0.0.1:29061
Read port: 40457
1710353018388	RemoteAgent	WARN	TLS certificate errors will be ignored for this session
console.error: ({})
DevTools listening on ws://127.0.0.1:29061/devtools/browser/4ac152e6-ddd8-41d5-b1a2-e4d18d8efddf
JavaScript error: https://blazedemo.com/assets/bootstrap.min.js, line 7: TypeError: a is not a function
JavaScript error: https://blazedemo.com/assets/bootstrap-table.js, line 1126: ReferenceError: jQuery is not defined
console.error: ({})
console.warn: LoginRecipes: "Falling back to a synchronous message for: https://blazedemo.com."
JavaScript error: https://blazedemo.com/assets/bootstrap.min.js, line 7: TypeError: a is not a function
JavaScript error: https://blazedemo.com/assets/bootstrap-table.js, line 1126: ReferenceError: jQuery is not defined
console.error: ({})
console.warn: LoginRecipes: "Falling back to a synchronous message for: https://blazedemo.com."
JavaScript error: https://blazedemo.com/assets/bootstrap.min.js, line 7: TypeError: a is not a function
JavaScript error: https://blazedemo.com/assets/bootstrap-table.js, line 1126: ReferenceError: jQuery is not defined
console.error: ({})
console.warn: LoginRecipes: "Falling back to a synchronous message for: https://blazedemo.com."
JavaScript error: https://blazedemo.com/assets/bootstrap.min.js, line 7: TypeError: a is not a function
JavaScript error: https://blazedemo.com/assets/bootstrap-table.js, line 1126: ReferenceError: jQuery is not defined
console.error: ({})
1710353026225	RemoteAgent	INFO	Perform WebSocket upgrade for incoming connection from 127.0.0.1:35364
1710353026228	CDP	WARN	Invalid browser preferences for CDP. Set "fission.webContentIsolationStrategy"to 0 and "fission.bfcacheInParent" to false before Firefox starts.
1710353026249	Marionette	INFO	Stopped listening on port 40457
[Parent 61055, IPC I/O Parent] WARNING: waitid failed pid:61326 errno:10: file /builds/worker/checkouts/gecko/ipc/chromium/src/base/process_util_posix.cc:244
[Parent 61055, IPC I/O Parent] WARNING: waitid failed pid:61356 errno:10: file /builds/worker/checkouts/gecko/ipc/chromium/src/base/process_util_posix.cc:244
[Parent 61055, IPC I/O Parent] WARNING: waitid failed pid:61487 errno:10: file /builds/worker/checkouts/gecko/ipc/chromium/src/base/process_util_posix.cc:244
[Parent 61055, IPC I/O Parent] WARNING: waitid failed pid:61322 errno:10: file /builds/worker/checkouts/gecko/ipc/chromium/src/base/process_util_posix.cc:244
[Parent 61055, IPC I/O Parent] WARNING: waitid failed pid:61210 errno:10: file /builds/worker/checkouts/gecko/ipc/chromium/src/base/process_util_posix.cc:244
[Parent 61055, IPC I/O Parent] WARNING: waitid failed pid:61190 errno:10: file /builds/worker/checkouts/gecko/ipc/chromium/src/base/process_util_posix.cc:244
]]></system-err>
  </testcase>
</testsuite>