<?xml version="1.0" encoding="UTF-8"?>
<testsuite xmlns:xsi="http://www.w3.org/2001/XMLSchema-instance" xsi:noNamespaceSchemaLocation="https://maven.apache.org/surefire/maven-surefire-plugin/xsd/surefire-test-report-3.0.xsd" version="3.0" name="geocoding.AddressResolverTest" time="0.024" tests="2" errors="0" skipped="2" failures="0">
  <properties>
[...]
</properties>
  <testcase name="whenBadCoordidates_thenReturnNoValidAddress" classname="geocoding.AddressResolverTest" time="0">
    <skipped message="public void geocoding.AddressResolverTest.whenBadCoordidates_thenReturnNoValidAddress() throws java.io.IOException,java.net.URISyntaxException,org.json.simple.parser.ParseException is @Disabled"/>
  </testcase>
  <testcase name="whenResolveDetiGps_returnJacintoMagalhaeAddress" classname="geocoding.AddressResolverTest" time="0">
    <skipped message="void geocoding.AddressResolverTest.whenResolveDetiGps_returnJacintoMagalhaeAddress() throws org.json.simple.parser.ParseException,java.io.IOException,java.net.URISyntaxException is @Disabled"/>
  </testcase>
</testsuite>